{
  "RSpec": {
    "coverage": {
      "/home/dev/Documents/TestProject/Blog-App/app/models/comment.rb": {
        "lines": [
          1,
          1,
          1,
          1,
          null,
          1,
          1,
          1,
          null,
          1,
          null,
          1,
          1,
          1,
          null,
          1,
          1,
          1,
          null,
          1,
          null
        ]
      },
      "/home/dev/Documents/TestProject/Blog-App/spec/models/like_spec.rb": {
        "lines": [
          1,
          null,
          1,
          6,
          6,
          1,
          null,
          1,
          1,
          2,
          2,
          2,
          1,
          1,
          null,
          null,
          null,
          1,
          2,
          2,
          null,
          null,
          1,
          1,
          3,
          null,
          1,
          1,
          1,
          null,
          1,
          3,
          null,
          1,
          4,
          2,
          null,
          null,
          1,
          4,
          2,
          null,
          null,
          null,
          null
        ]
      },
      "/home/dev/Documents/TestProject/Blog-App/app/models/like.rb": {
        "lines": [
          1,
          1,
          1,
          1,
          1,
          null,
          1,
          1,
          null,
          1,
          null,
          1,
          null
        ]
      },
      "/home/dev/Documents/TestProject/Blog-App/spec/models/post_spec.rb": {
        "lines": [
          1,
          null,
          1,
          5,
          null,
          1,
          1,
          2,
          2,
          2,
          2,
          null,
          null,
          1,
          2,
          2,
          2,
          2,
          2,
          null,
          null,
          1,
          4,
          1,
          1,
          1,
          null,
          null,
          1,
          2,
          1,
          4,
          2,
          null,
          null,
          null,
          null
        ]
      },
      "/home/dev/Documents/TestProject/Blog-App/app/models/post.rb": {
        "lines": [
          1,
          1,
          1,
          1,
          1,
          null,
          null,
          null,
          null,
          1,
          null,
          1,
          null,
          1,
          null,
          1,
          1,
          1,
          1,
          null,
          1,
          1,
          1,
          1,
          1,
          null
        ]
      },
      "/home/dev/Documents/TestProject/Blog-App/spec/models/reply_spec.rb": {
        "lines": [
          1,
          null,
          1,
          6,
          6,
          1,
          5,
          null,
          1,
          1,
          2,
          2,
          null,
          2,
          2,
          null,
          null,
          1,
          2,
          2,
          null,
          null,
          1,
          4,
          1,
          1,
          1,
          null,
          null,
          1,
          3,
          1,
          4,
          2,
          null,
          1,
          4,
          2,
          null,
          null,
          null,
          null
        ]
      },
      "/home/dev/Documents/TestProject/Blog-App/app/models/reply.rb": {
        "lines": [
          1,
          1,
          1,
          1,
          null,
          1,
          1,
          null
        ]
      },
      "/home/dev/Documents/TestProject/Blog-App/spec/models/report_spec.rb": {
        "lines": [
          1,
          null,
          1,
          7,
          7,
          1,
          null,
          1,
          1,
          2,
          2,
          2,
          2,
          2,
          null,
          null,
          1,
          2,
          2,
          null,
          null,
          1,
          1,
          4,
          null,
          1,
          1,
          1,
          1,
          null,
          null,
          1,
          1,
          2,
          null,
          1,
          4,
          2,
          null,
          1,
          4,
          2,
          null,
          null,
          null,
          null
        ]
      },
      "/home/dev/Documents/TestProject/Blog-App/app/models/report.rb": {
        "lines": [
          1,
          1,
          1,
          1,
          1,
          null,
          1,
          1,
          null,
          1,
          null
        ]
      },
      "/home/dev/Documents/TestProject/Blog-App/spec/models/suggestion_spec.rb": {
        "lines": [
          1,
          null,
          1,
          15,
          15,
          null,
          1,
          1,
          2,
          2,
          2,
          2,
          2,
          null,
          null,
          1,
          2,
          2,
          2,
          null,
          null,
          1,
          5,
          1,
          1,
          1,
          1,
          null,
          null,
          1,
          3,
          1,
          4,
          2,
          null,
          1,
          4,
          2,
          null,
          null,
          null,
          null
        ]
      },
      "/home/dev/Documents/TestProject/Blog-App/app/models/suggestion.rb": {
        "lines": [
          1,
          1,
          1,
          1,
          1,
          null,
          1,
          1,
          1,
          1,
          null,
          1,
          null
        ]
      },
      "/home/dev/Documents/TestProject/Blog-App/spec/models/user_spec.rb": {
        "lines": [
          1,
          null,
          1,
          null,
          null,
          null,
          null,
          1,
          1,
          2,
          2,
          2,
          2,
          2,
          2,
          2,
          null,
          1,
          2,
          2,
          2,
          2,
          2,
          2,
          null,
          1,
          5,
          1,
          1,
          1,
          1,
          null,
          null,
          null
        ]
      },
      "/home/dev/Documents/TestProject/Blog-App/spec/requests/replies_spec.rb": {
        "lines": [
          1,
          1,
          null,
          1,
          1,
          null,
          null,
          1,
          4,
          4,
          4,
          1,
          3,
          null,
          null,
          1,
          3,
          null,
          null,
          null,
          1,
          1,
          1,
          1,
          1,
          1,
          1,
          1,
          1,
          1,
          1,
          1,
          1,
          1,
          1,
          1,
          1,
          1,
          1,
          1,
          null,
          null,
          1,
          1,
          1,
          1,
          1,
          null,
          null,
          1,
          2,
          1,
          1,
          1,
          1,
          1,
          1,
          null,
          null,
          null,
          null
        ]
      },
      "/home/dev/Documents/TestProject/Blog-App/spec/requests/suggestions_spec.rb": {
        "lines": [
          1,
          1,
          null,
          1,
          1,
          null,
          null,
          1,
          9,
          null,
          1,
          1,
          1,
          1,
          1,
          1,
          null,
          null,
          1,
          1,
          1,
          1,
          1,
          null,
          null,
          null,
          null,
          1,
          1,
          2,
          1,
          1,
          1,
          1,
          1,
          null,
          null,
          1,
          1,
          1,
          1,
          1,
          1,
          null,
          null,
          null,
          1,
          5,
          1,
          3,
          null,
          1,
          1,
          1,
          1,
          1,
          1,
          1,
          1,
          1,
          1,
          null,
          null,
          1,
          1,
          1,
          1,
          1,
          null,
          null,
          null,
          null,
          1,
          1,
          2,
          null,
          1,
          1,
          1,
          1,
          1,
          1,
          1,
          1,
          1,
          1,
          null,
          null,
          1,
          1,
          1,
          1,
          1,
          null,
          null,
          null,
          null,
          1,
          1,
          2,
          null,
          1,
          1,
          1,
          1,
          1,
          1,
          1,
          1,
          1,
          null,
          null,
          1,
          1,
          1,
          1,
          1,
          null,
          null,
          null,
          null,
          null
        ]
      },
      "/home/dev/Documents/TestProject/Blog-App/app/controllers/suggestions_controller.rb": {
        "lines": [
          1,
          1,
          null,
          1,
          1,
          null,
          null,
          1,
          3,
          3,
          null,
          null,
          1,
          3,
          3,
          3,
          3,
          null,
          null,
          1,
          2,
          2,
          1,
          1,
          1,
          null,
          1,
          1,
          1,
          null,
          null,
          1,
          5,
          null,
          null,
          1,
          2,
          1,
          null,
          null,
          1,
          null,
          1,
          9,
          null,
          null,
          1,
          3,
          null,
          null
        ]
      },
      "/home/dev/Documents/TestProject/Blog-App/app/policies/suggestion_policy.rb": {
        "lines": [
          1,
          1,
          null,
          null,
          null,
          null,
          null,
          null,
          1,
          2,
          null,
          null,
          1,
          5,
          null,
          null,
          1,
          2,
          null,
          null
        ]
      },
      "/home/dev/Documents/TestProject/Blog-App/app/controllers/replies_controller.rb": {
        "lines": [
          1,
          1,
          1,
          3,
          2,
          2,
          null,
          null,
          1,
          null,
          1,
          3,
          null,
          null,
          1,
          3,
          null,
          null
        ]
      },
      "/home/dev/Documents/TestProject/Blog-App/app/policies/reply_policy.rb": {
        "lines": [
          1,
          1,
          null,
          null,
          null,
          null,
          null,
          null,
          1,
          3,
          null,
          null
        ]
      }
    },
    "timestamp": 1663758326
  }
}
